\BOOKMARK [0][-]{chapter.1}{\376\377\0001\000\040\000M\000o\000d\000u\000l\000e\000\040\000I\000n\000d\000e\000x}{}% 1
\BOOKMARK [1][-]{section.1.1}{\376\377\0001\000.\0001\000\040\000M\000o\000d\000u\000l\000e\000s}{chapter.1}% 2
\BOOKMARK [0][-]{chapter.2}{\376\377\0002\000\040\000N\000a\000m\000e\000s\000p\000a\000c\000e\000\040\000I\000n\000d\000e\000x}{}% 3
\BOOKMARK [1][-]{section.2.1}{\376\377\0002\000.\0001\000\040\000N\000a\000m\000e\000s\000p\000a\000c\000e\000\040\000L\000i\000s\000t}{chapter.2}% 4
\BOOKMARK [0][-]{chapter.3}{\376\377\0003\000\040\000H\000i\000e\000r\000a\000r\000c\000h\000i\000c\000a\000l\000\040\000I\000n\000d\000e\000x}{}% 5
\BOOKMARK [1][-]{section.3.1}{\376\377\0003\000.\0001\000\040\000C\000l\000a\000s\000s\000\040\000H\000i\000e\000r\000a\000r\000c\000h\000y}{chapter.3}% 6
\BOOKMARK [0][-]{chapter.4}{\376\377\0004\000\040\000C\000l\000a\000s\000s\000\040\000I\000n\000d\000e\000x}{}% 7
\BOOKMARK [1][-]{section.4.1}{\376\377\0004\000.\0001\000\040\000C\000l\000a\000s\000s\000\040\000L\000i\000s\000t}{chapter.4}% 8
\BOOKMARK [0][-]{chapter.5}{\376\377\0005\000\040\000F\000i\000l\000e\000\040\000I\000n\000d\000e\000x}{}% 9
\BOOKMARK [1][-]{section.5.1}{\376\377\0005\000.\0001\000\040\000F\000i\000l\000e\000\040\000L\000i\000s\000t}{chapter.5}% 10
\BOOKMARK [0][-]{chapter.6}{\376\377\0006\000\040\000M\000o\000d\000u\000l\000e\000\040\000D\000o\000c\000u\000m\000e\000n\000t\000a\000t\000i\000o\000n}{}% 11
\BOOKMARK [1][-]{section.6.1}{\376\377\0006\000.\0001\000\040\000A\000D\000S\0001\0001\0001\0005\000:\000\040\000A\000D\000D\000R\000E\000S\000S\000\040\000P\000I\000N\000S}{chapter.6}% 12
\BOOKMARK [2][-]{subsection.6.1.1}{\376\377\0006\000.\0001\000.\0001\000\040\000D\000e\000t\000a\000i\000l\000e\000d\000\040\000D\000e\000s\000c\000r\000i\000p\000t\000i\000o\000n}{section.6.1}% 13
\BOOKMARK [2][-]{subsection.6.1.2}{\376\377\0006\000.\0001\000.\0002\000\040\000M\000a\000c\000r\000o\000\040\000D\000e\000f\000i\000n\000i\000t\000i\000o\000n\000\040\000D\000o\000c\000u\000m\000e\000n\000t\000a\000t\000i\000o\000n}{section.6.1}% 14
\BOOKMARK [3][-]{subsubsection.6.1.2.1}{\376\377\0006\000.\0001\000.\0002\000.\0001\000\040\000A\000D\000S\0001\0001\0001\0005\000\137\000A\000D\000D\000R\000E\000S\000S\000\137\000G\000N\000D}{subsection.6.1.2}% 15
\BOOKMARK [3][-]{subsubsection.6.1.2.2}{\376\377\0006\000.\0001\000.\0002\000.\0002\000\040\000A\000D\000S\0001\0001\0001\0005\000\137\000A\000D\000D\000R\000E\000S\000S\000\137\000S\000C\000L}{subsection.6.1.2}% 16
\BOOKMARK [3][-]{subsubsection.6.1.2.3}{\376\377\0006\000.\0001\000.\0002\000.\0003\000\040\000A\000D\000S\0001\0001\0001\0005\000\137\000A\000D\000D\000R\000E\000S\000S\000\137\000S\000D\000A}{subsection.6.1.2}% 17
\BOOKMARK [3][-]{subsubsection.6.1.2.4}{\376\377\0006\000.\0001\000.\0002\000.\0004\000\040\000A\000D\000S\0001\0001\0001\0005\000\137\000A\000D\000D\000R\000E\000S\000S\000\137\000V\000D\000D}{subsection.6.1.2}% 18
\BOOKMARK [1][-]{section.6.2}{\376\377\0006\000.\0002\000\040\000A\000D\000S\0001\0001\0001\0005\000:\000\040\000P\000O\000I\000N\000T\000E\000R\000\040\000R\000E\000G\000I\000S\000T\000E\000R}{chapter.6}% 19
\BOOKMARK [2][-]{subsection.6.2.1}{\376\377\0006\000.\0002\000.\0001\000\040\000D\000e\000t\000a\000i\000l\000e\000d\000\040\000D\000e\000s\000c\000r\000i\000p\000t\000i\000o\000n}{section.6.2}% 20
\BOOKMARK [2][-]{subsection.6.2.2}{\376\377\0006\000.\0002\000.\0002\000\040\000M\000a\000c\000r\000o\000\040\000D\000e\000f\000i\000n\000i\000t\000i\000o\000n\000\040\000D\000o\000c\000u\000m\000e\000n\000t\000a\000t\000i\000o\000n}{section.6.2}% 21
\BOOKMARK [3][-]{subsubsection.6.2.2.1}{\376\377\0006\000.\0002\000.\0002\000.\0001\000\040\000A\000D\000S\0001\0001\0001\0005\000\137\000R\000E\000G\000\137\000P\000O\000I\000N\000T\000E\000R\000\137\000C\000O\000N\000F\000I\000G}{subsection.6.2.2}% 22
\BOOKMARK [3][-]{subsubsection.6.2.2.2}{\376\377\0006\000.\0002\000.\0002\000.\0002\000\040\000A\000D\000S\0001\0001\0001\0005\000\137\000R\000E\000G\000\137\000P\000O\000I\000N\000T\000E\000R\000\137\000C\000O\000N\000V\000E\000R\000T}{subsection.6.2.2}% 23
\BOOKMARK [3][-]{subsubsection.6.2.2.3}{\376\377\0006\000.\0002\000.\0002\000.\0003\000\040\000A\000D\000S\0001\0001\0001\0005\000\137\000R\000E\000G\000\137\000P\000O\000I\000N\000T\000E\000R\000\137\000H\000I\000T\000H\000R\000E\000S\000H}{subsection.6.2.2}% 24
\BOOKMARK [3][-]{subsubsection.6.2.2.4}{\376\377\0006\000.\0002\000.\0002\000.\0004\000\040\000A\000D\000S\0001\0001\0001\0005\000\137\000R\000E\000G\000\137\000P\000O\000I\000N\000T\000E\000R\000\137\000L\000O\000W\000T\000H\000R\000E\000S\000H}{subsection.6.2.2}% 25
\BOOKMARK [1][-]{section.6.3}{\376\377\0006\000.\0003\000\040\000A\000D\000S\0001\0001\0001\0005\000:\000\040\000O\000P\000E\000R\000A\000T\000I\000O\000N\000A\000L\000\040\000S\000T\000A\000T\000U\000S}{chapter.6}% 26
\BOOKMARK [2][-]{subsection.6.3.1}{\376\377\0006\000.\0003\000.\0001\000\040\000D\000e\000t\000a\000i\000l\000e\000d\000\040\000D\000e\000s\000c\000r\000i\000p\000t\000i\000o\000n}{section.6.3}% 27
\BOOKMARK [2][-]{subsection.6.3.2}{\376\377\0006\000.\0003\000.\0002\000\040\000M\000a\000c\000r\000o\000\040\000D\000e\000f\000i\000n\000i\000t\000i\000o\000n\000\040\000D\000o\000c\000u\000m\000e\000n\000t\000a\000t\000i\000o\000n}{section.6.3}% 28
\BOOKMARK [3][-]{subsubsection.6.3.2.1}{\376\377\0006\000.\0003\000.\0002\000.\0001\000\040\000A\000D\000S\0001\0001\0001\0005\000\137\000R\000E\000G\000\137\000C\000O\000N\000F\000I\000G\000\137\000O\000S\000\137\000B\000U\000S\000Y}{subsection.6.3.2}% 29
\BOOKMARK [3][-]{subsubsection.6.3.2.2}{\376\377\0006\000.\0003\000.\0002\000.\0002\000\040\000A\000D\000S\0001\0001\0001\0005\000\137\000R\000E\000G\000\137\000C\000O\000N\000F\000I\000G\000\137\000O\000S\000\137\000N\000O\000T\000B\000U\000S\000Y}{subsection.6.3.2}% 30
\BOOKMARK [3][-]{subsubsection.6.3.2.3}{\376\377\0006\000.\0003\000.\0002\000.\0003\000\040\000A\000D\000S\0001\0001\0001\0005\000\137\000R\000E\000G\000\137\000C\000O\000N\000F\000I\000G\000\137\000O\000S\000\137\000S\000I\000N\000G\000L\000E}{subsection.6.3.2}% 31
\BOOKMARK [1][-]{section.6.4}{\376\377\0006\000.\0004\000\040\000A\000D\000S\0001\0001\0001\0005\000:\000\040\000I\000N\000P\000U\000T\000\040\000M\000U\000L\000T\000I\000P\000L\000E\000X\000E\000R\000\040\000C\000O\000N\000F\000I\000G\000U\000R\000A\000T\000I\000O\000N}{chapter.6}% 32
\BOOKMARK [2][-]{subsection.6.4.1}{\376\377\0006\000.\0004\000.\0001\000\040\000D\000e\000t\000a\000i\000l\000e\000d\000\040\000D\000e\000s\000c\000r\000i\000p\000t\000i\000o\000n}{section.6.4}% 33
\BOOKMARK [2][-]{subsection.6.4.2}{\376\377\0006\000.\0004\000.\0002\000\040\000M\000a\000c\000r\000o\000\040\000D\000e\000f\000i\000n\000i\000t\000i\000o\000n\000\040\000D\000o\000c\000u\000m\000e\000n\000t\000a\000t\000i\000o\000n}{section.6.4}% 34
\BOOKMARK [3][-]{subsubsection.6.4.2.1}{\376\377\0006\000.\0004\000.\0002\000.\0001\000\040\000A\000D\000S\0001\0001\0001\0005\000\137\000R\000E\000G\000\137\000C\000O\000N\000F\000I\000G\000\137\000M\000U\000X\000\137\000D\000I\000F\000F\000\137\000P\0000\000\137\000N\0001}{subsection.6.4.2}% 35
\BOOKMARK [3][-]{subsubsection.6.4.2.2}{\376\377\0006\000.\0004\000.\0002\000.\0002\000\040\000A\000D\000S\0001\0001\0001\0005\000\137\000R\000E\000G\000\137\000C\000O\000N\000F\000I\000G\000\137\000M\000U\000X\000\137\000D\000I\000F\000F\000\137\000P\0000\000\137\000N\0003}{subsection.6.4.2}% 36
\BOOKMARK [3][-]{subsubsection.6.4.2.3}{\376\377\0006\000.\0004\000.\0002\000.\0003\000\040\000A\000D\000S\0001\0001\0001\0005\000\137\000R\000E\000G\000\137\000C\000O\000N\000F\000I\000G\000\137\000M\000U\000X\000\137\000D\000I\000F\000F\000\137\000P\0001\000\137\000N\0003}{subsection.6.4.2}% 37
\BOOKMARK [3][-]{subsubsection.6.4.2.4}{\376\377\0006\000.\0004\000.\0002\000.\0004\000\040\000A\000D\000S\0001\0001\0001\0005\000\137\000R\000E\000G\000\137\000C\000O\000N\000F\000I\000G\000\137\000M\000U\000X\000\137\000D\000I\000F\000F\000\137\000P\0002\000\137\000N\0003}{subsection.6.4.2}% 38
\BOOKMARK [3][-]{subsubsection.6.4.2.5}{\376\377\0006\000.\0004\000.\0002\000.\0005\000\040\000A\000D\000S\0001\0001\0001\0005\000\137\000R\000E\000G\000\137\000C\000O\000N\000F\000I\000G\000\137\000M\000U\000X\000\137\000S\000I\000N\000G\000L\000E\000\137\000P\0000\000\137\000N\000G}{subsection.6.4.2}% 39
\BOOKMARK [3][-]{subsubsection.6.4.2.6}{\376\377\0006\000.\0004\000.\0002\000.\0006\000\040\000A\000D\000S\0001\0001\0001\0005\000\137\000R\000E\000G\000\137\000C\000O\000N\000F\000I\000G\000\137\000M\000U\000X\000\137\000S\000I\000N\000G\000L\000E\000\137\000P\0001\000\137\000N\000G}{subsection.6.4.2}% 40
\BOOKMARK [3][-]{subsubsection.6.4.2.7}{\376\377\0006\000.\0004\000.\0002\000.\0007\000\040\000A\000D\000S\0001\0001\0001\0005\000\137\000R\000E\000G\000\137\000C\000O\000N\000F\000I\000G\000\137\000M\000U\000X\000\137\000S\000I\000N\000G\000L\000E\000\137\000P\0002\000\137\000N\000G}{subsection.6.4.2}% 41
\BOOKMARK [3][-]{subsubsection.6.4.2.8}{\376\377\0006\000.\0004\000.\0002\000.\0008\000\040\000A\000D\000S\0001\0001\0001\0005\000\137\000R\000E\000G\000\137\000C\000O\000N\000F\000I\000G\000\137\000M\000U\000X\000\137\000S\000I\000N\000G\000L\000E\000\137\000P\0003\000\137\000N\000G}{subsection.6.4.2}% 42
\BOOKMARK [1][-]{section.6.5}{\376\377\0006\000.\0005\000\040\000A\000D\000S\0001\0001\0001\0005\000:\000\040\000P\000R\000O\000G\000R\000A\000M\000M\000A\000B\000L\000E\000\040\000G\000A\000I\000N\000\040\000A\000M\000P\000L\000I\000F\000I\000E\000R\000\040\000C\000O\000N\000F\000I\000G\000U\000R\000A\000T\000I\000O\000N}{chapter.6}% 43
\BOOKMARK [2][-]{subsection.6.5.1}{\376\377\0006\000.\0005\000.\0001\000\040\000D\000e\000t\000a\000i\000l\000e\000d\000\040\000D\000e\000s\000c\000r\000i\000p\000t\000i\000o\000n}{section.6.5}% 44
\BOOKMARK [2][-]{subsection.6.5.2}{\376\377\0006\000.\0005\000.\0002\000\040\000M\000a\000c\000r\000o\000\040\000D\000e\000f\000i\000n\000i\000t\000i\000o\000n\000\040\000D\000o\000c\000u\000m\000e\000n\000t\000a\000t\000i\000o\000n}{section.6.5}% 45
\BOOKMARK [3][-]{subsubsection.6.5.2.1}{\376\377\0006\000.\0005\000.\0002\000.\0001\000\040\000A\000D\000S\0001\0001\0001\0005\000\137\000R\000E\000G\000\137\000C\000O\000N\000F\000I\000G\000\137\000P\000G\000A\000\137\0000\000\137\0002\0005\0006\000V}{subsection.6.5.2}% 46
\BOOKMARK [3][-]{subsubsection.6.5.2.2}{\376\377\0006\000.\0005\000.\0002\000.\0002\000\040\000A\000D\000S\0001\0001\0001\0005\000\137\000R\000E\000G\000\137\000C\000O\000N\000F\000I\000G\000\137\000P\000G\000A\000\137\0000\000\137\0005\0001\0002\000V}{subsection.6.5.2}% 47
\BOOKMARK [3][-]{subsubsection.6.5.2.3}{\376\377\0006\000.\0005\000.\0002\000.\0003\000\040\000A\000D\000S\0001\0001\0001\0005\000\137\000R\000E\000G\000\137\000C\000O\000N\000F\000I\000G\000\137\000P\000G\000A\000\137\0001\000\137\0000\0002\0004\000V}{subsection.6.5.2}% 48
\BOOKMARK [3][-]{subsubsection.6.5.2.4}{\376\377\0006\000.\0005\000.\0002\000.\0004\000\040\000A\000D\000S\0001\0001\0001\0005\000\137\000R\000E\000G\000\137\000C\000O\000N\000F\000I\000G\000\137\000P\000G\000A\000\137\0002\000\137\0000\0004\0008\000V}{subsection.6.5.2}% 49
\BOOKMARK [3][-]{subsubsection.6.5.2.5}{\376\377\0006\000.\0005\000.\0002\000.\0005\000\040\000A\000D\000S\0001\0001\0001\0005\000\137\000R\000E\000G\000\137\000C\000O\000N\000F\000I\000G\000\137\000P\000G\000A\000\137\0004\000\137\0000\0009\0006\000V}{subsection.6.5.2}% 50
\BOOKMARK [3][-]{subsubsection.6.5.2.6}{\376\377\0006\000.\0005\000.\0002\000.\0006\000\040\000A\000D\000S\0001\0001\0001\0005\000\137\000R\000E\000G\000\137\000C\000O\000N\000F\000I\000G\000\137\000P\000G\000A\000\137\0006\000\137\0001\0004\0004\000V}{subsection.6.5.2}% 51
\BOOKMARK [1][-]{section.6.6}{\376\377\0006\000.\0006\000\040\000A\000D\000S\0001\0001\0001\0005\000:\000\040\000D\000E\000V\000I\000C\000E\000\040\000O\000P\000E\000R\000A\000T\000I\000N\000G\000\040\000M\000O\000D\000E}{chapter.6}% 52
\BOOKMARK [2][-]{subsection.6.6.1}{\376\377\0006\000.\0006\000.\0001\000\040\000D\000e\000t\000a\000i\000l\000e\000d\000\040\000D\000e\000s\000c\000r\000i\000p\000t\000i\000o\000n}{section.6.6}% 53
\BOOKMARK [2][-]{subsection.6.6.2}{\376\377\0006\000.\0006\000.\0002\000\040\000M\000a\000c\000r\000o\000\040\000D\000e\000f\000i\000n\000i\000t\000i\000o\000n\000\040\000D\000o\000c\000u\000m\000e\000n\000t\000a\000t\000i\000o\000n}{section.6.6}% 54
\BOOKMARK [3][-]{subsubsection.6.6.2.1}{\376\377\0006\000.\0006\000.\0002\000.\0001\000\040\000A\000D\000S\0001\0001\0001\0005\000\137\000R\000E\000G\000\137\000C\000O\000N\000F\000I\000G\000\137\000M\000O\000D\000E\000\137\000C\000O\000N\000T\000I\000N}{subsection.6.6.2}% 55
\BOOKMARK [3][-]{subsubsection.6.6.2.2}{\376\377\0006\000.\0006\000.\0002\000.\0002\000\040\000A\000D\000S\0001\0001\0001\0005\000\137\000R\000E\000G\000\137\000C\000O\000N\000F\000I\000G\000\137\000M\000O\000D\000E\000\137\000E\000N\000D\000C\000O\000N}{subsection.6.6.2}% 56
\BOOKMARK [3][-]{subsubsection.6.6.2.3}{\376\377\0006\000.\0006\000.\0002\000.\0003\000\040\000A\000D\000S\0001\0001\0001\0005\000\137\000R\000E\000G\000\137\000C\000O\000N\000F\000I\000G\000\137\000M\000O\000D\000E\000\137\000S\000I\000N\000G\000L\000E}{subsection.6.6.2}% 57
\BOOKMARK [1][-]{section.6.7}{\376\377\0006\000.\0007\000\040\000A\000D\000S\0001\0001\0001\0005\000:\000\040\000D\000A\000T\000A\000\040\000R\000A\000T\000E}{chapter.6}% 58
\BOOKMARK [2][-]{subsection.6.7.1}{\376\377\0006\000.\0007\000.\0001\000\040\000D\000e\000t\000a\000i\000l\000e\000d\000\040\000D\000e\000s\000c\000r\000i\000p\000t\000i\000o\000n}{section.6.7}% 59
\BOOKMARK [2][-]{subsection.6.7.2}{\376\377\0006\000.\0007\000.\0002\000\040\000M\000a\000c\000r\000o\000\040\000D\000e\000f\000i\000n\000i\000t\000i\000o\000n\000\040\000D\000o\000c\000u\000m\000e\000n\000t\000a\000t\000i\000o\000n}{section.6.7}% 60
\BOOKMARK [3][-]{subsubsection.6.7.2.1}{\376\377\0006\000.\0007\000.\0002\000.\0001\000\040\000A\000D\000S\0001\0001\0001\0005\000\137\000R\000A\000T\000E\000\137\0000\0000\0008}{subsection.6.7.2}% 61
\BOOKMARK [3][-]{subsubsection.6.7.2.2}{\376\377\0006\000.\0007\000.\0002\000.\0002\000\040\000A\000D\000S\0001\0001\0001\0005\000\137\000R\000A\000T\000E\000\137\0000\0001\0006}{subsection.6.7.2}% 62
\BOOKMARK [3][-]{subsubsection.6.7.2.3}{\376\377\0006\000.\0007\000.\0002\000.\0003\000\040\000A\000D\000S\0001\0001\0001\0005\000\137\000R\000A\000T\000E\000\137\0000\0003\0002}{subsection.6.7.2}% 63
\BOOKMARK [3][-]{subsubsection.6.7.2.4}{\376\377\0006\000.\0007\000.\0002\000.\0004\000\040\000A\000D\000S\0001\0001\0001\0005\000\137\000R\000A\000T\000E\000\137\0000\0006\0004}{subsection.6.7.2}% 64
\BOOKMARK [3][-]{subsubsection.6.7.2.5}{\376\377\0006\000.\0007\000.\0002\000.\0005\000\040\000A\000D\000S\0001\0001\0001\0005\000\137\000R\000A\000T\000E\000\137\0001\0002\0008}{subsection.6.7.2}% 65
\BOOKMARK [3][-]{subsubsection.6.7.2.6}{\376\377\0006\000.\0007\000.\0002\000.\0006\000\040\000A\000D\000S\0001\0001\0001\0005\000\137\000R\000A\000T\000E\000\137\0002\0005\0000}{subsection.6.7.2}% 66
\BOOKMARK [3][-]{subsubsection.6.7.2.7}{\376\377\0006\000.\0007\000.\0002\000.\0007\000\040\000A\000D\000S\0001\0001\0001\0005\000\137\000R\000A\000T\000E\000\137\0004\0007\0005}{subsection.6.7.2}% 67
\BOOKMARK [3][-]{subsubsection.6.7.2.8}{\376\377\0006\000.\0007\000.\0002\000.\0008\000\040\000A\000D\000S\0001\0001\0001\0005\000\137\000R\000A\000T\000E\000\137\0008\0006\0000}{subsection.6.7.2}% 68
\BOOKMARK [1][-]{section.6.8}{\376\377\0006\000.\0008\000\040\000A\000D\000S\0001\0001\0001\0005\000:\000\040\000C\000O\000M\000P\000A\000R\000A\000T\000O\000R\000\040\000M\000O\000D\000E}{chapter.6}% 69
\BOOKMARK [2][-]{subsection.6.8.1}{\376\377\0006\000.\0008\000.\0001\000\040\000D\000e\000t\000a\000i\000l\000e\000d\000\040\000D\000e\000s\000c\000r\000i\000p\000t\000i\000o\000n}{section.6.8}% 70
\BOOKMARK [2][-]{subsection.6.8.2}{\376\377\0006\000.\0008\000.\0002\000\040\000M\000a\000c\000r\000o\000\040\000D\000e\000f\000i\000n\000i\000t\000i\000o\000n\000\040\000D\000o\000c\000u\000m\000e\000n\000t\000a\000t\000i\000o\000n}{section.6.8}% 71
\BOOKMARK [3][-]{subsubsection.6.8.2.1}{\376\377\0006\000.\0008\000.\0002\000.\0001\000\040\000A\000D\000S\0001\0001\0001\0005\000\137\000C\000O\000M\000P\000\137\000M\000O\000D\000E\000\137\000H\000Y\000S\000T\000E\000R\000E\000S\000I\000S}{subsection.6.8.2}% 72
\BOOKMARK [3][-]{subsubsection.6.8.2.2}{\376\377\0006\000.\0008\000.\0002\000.\0002\000\040\000A\000D\000S\0001\0001\0001\0005\000\137\000C\000O\000M\000P\000\137\000M\000O\000D\000E\000\137\000W\000I\000N\000D\000O\000W}{subsection.6.8.2}% 73
\BOOKMARK [1][-]{section.6.9}{\376\377\0006\000.\0009\000\040\000A\000D\000S\0001\0001\0001\0005\000:\000\040\000C\000O\000M\000P\000A\000R\000A\000T\000O\000R\000\040\000P\000O\000L\000A\000R\000I\000T\000Y}{chapter.6}% 74
\BOOKMARK [2][-]{subsection.6.9.1}{\376\377\0006\000.\0009\000.\0001\000\040\000D\000e\000t\000a\000i\000l\000e\000d\000\040\000D\000e\000s\000c\000r\000i\000p\000t\000i\000o\000n}{section.6.9}% 75
\BOOKMARK [2][-]{subsection.6.9.2}{\376\377\0006\000.\0009\000.\0002\000\040\000M\000a\000c\000r\000o\000\040\000D\000e\000f\000i\000n\000i\000t\000i\000o\000n\000\040\000D\000o\000c\000u\000m\000e\000n\000t\000a\000t\000i\000o\000n}{section.6.9}% 76
\BOOKMARK [3][-]{subsubsection.6.9.2.1}{\376\377\0006\000.\0009\000.\0002\000.\0001\000\040\000A\000D\000S\0001\0001\0001\0005\000\137\000C\000O\000M\000P\000\137\000P\000O\000L\000\137\000A\000C\000T\000I\000V\000E\000\137\000H\000I\000G\000H}{subsection.6.9.2}% 77
\BOOKMARK [3][-]{subsubsection.6.9.2.2}{\376\377\0006\000.\0009\000.\0002\000.\0002\000\040\000A\000D\000S\0001\0001\0001\0005\000\137\000C\000O\000M\000P\000\137\000P\000O\000L\000\137\000A\000C\000T\000I\000V\000E\000\137\000L\000O\000W}{subsection.6.9.2}% 78
\BOOKMARK [1][-]{section.6.10}{\376\377\0006\000.\0001\0000\000\040\000A\000D\000S\0001\0001\0001\0005\000:\000\040\000L\000A\000T\000C\000H\000I\000N\000G\000\040\000C\000O\000M\000P\000A\000R\000A\000T\000O\000R}{chapter.6}% 79
\BOOKMARK [2][-]{subsection.6.10.1}{\376\377\0006\000.\0001\0000\000.\0001\000\040\000D\000e\000t\000a\000i\000l\000e\000d\000\040\000D\000e\000s\000c\000r\000i\000p\000t\000i\000o\000n}{section.6.10}% 80
\BOOKMARK [2][-]{subsection.6.10.2}{\376\377\0006\000.\0001\0000\000.\0002\000\040\000M\000a\000c\000r\000o\000\040\000D\000e\000f\000i\000n\000i\000t\000i\000o\000n\000\040\000D\000o\000c\000u\000m\000e\000n\000t\000a\000t\000i\000o\000n}{section.6.10}% 81
\BOOKMARK [3][-]{subsubsection.6.10.2.1}{\376\377\0006\000.\0001\0000\000.\0002\000.\0001\000\040\000A\000D\000S\0001\0001\0001\0005\000\137\000C\000O\000M\000P\000\137\000L\000A\000T\000\137\000L\000A\000T\000C\000H\000I\000N\000G}{subsection.6.10.2}% 82
\BOOKMARK [3][-]{subsubsection.6.10.2.2}{\376\377\0006\000.\0001\0000\000.\0002\000.\0002\000\040\000A\000D\000S\0001\0001\0001\0005\000\137\000C\000O\000M\000P\000\137\000L\000A\000T\000\137\000N\000O\000N\000\137\000L\000A\000T\000C\000H\000I\000N\000G}{subsection.6.10.2}% 83
\BOOKMARK [1][-]{section.6.11}{\376\377\0006\000.\0001\0001\000\040\000A\000D\000S\0001\0001\0001\0005\000:\000\040\000C\000O\000M\000P\000A\000R\000A\000T\000O\000R\000\040\000Q\000U\000E\000U\000E\000\040\000A\000N\000D\000\040\000D\000I\000S\000A\000B\000L\000E}{chapter.6}% 84
\BOOKMARK [2][-]{subsection.6.11.1}{\376\377\0006\000.\0001\0001\000.\0001\000\040\000D\000e\000t\000a\000i\000l\000e\000d\000\040\000D\000e\000s\000c\000r\000i\000p\000t\000i\000o\000n}{section.6.11}% 85
\BOOKMARK [2][-]{subsection.6.11.2}{\376\377\0006\000.\0001\0001\000.\0002\000\040\000M\000a\000c\000r\000o\000\040\000D\000e\000f\000i\000n\000i\000t\000i\000o\000n\000\040\000D\000o\000c\000u\000m\000e\000n\000t\000a\000t\000i\000o\000n}{section.6.11}% 86
\BOOKMARK [3][-]{subsubsection.6.11.2.1}{\376\377\0006\000.\0001\0001\000.\0002\000.\0001\000\040\000A\000D\000S\0001\0001\0001\0005\000\137\000C\000O\000M\000P\000\137\000Q\000U\000E\000\137\000A\000S\000S\000E\000R\000T\0001}{subsection.6.11.2}% 87
\BOOKMARK [3][-]{subsubsection.6.11.2.2}{\376\377\0006\000.\0001\0001\000.\0002\000.\0002\000\040\000A\000D\000S\0001\0001\0001\0005\000\137\000C\000O\000M\000P\000\137\000Q\000U\000E\000\137\000A\000S\000S\000E\000R\000T\0002}{subsection.6.11.2}% 88
\BOOKMARK [3][-]{subsubsection.6.11.2.3}{\376\377\0006\000.\0001\0001\000.\0002\000.\0003\000\040\000A\000D\000S\0001\0001\0001\0005\000\137\000C\000O\000M\000P\000\137\000Q\000U\000E\000\137\000A\000S\000S\000E\000R\000T\0004}{subsection.6.11.2}% 89
\BOOKMARK [3][-]{subsubsection.6.11.2.4}{\376\377\0006\000.\0001\0001\000.\0002\000.\0004\000\040\000A\000D\000S\0001\0001\0001\0005\000\137\000C\000O\000M\000P\000\137\000Q\000U\000E\000\137\000D\000I\000S\000A\000B\000L\000E}{subsection.6.11.2}% 90
\BOOKMARK [3][-]{subsubsection.6.11.2.5}{\376\377\0006\000.\0001\0001\000.\0002\000.\0005\000\040\000A\000D\000S\0001\0001\0001\0005\000\137\000R\000E\000G\000\137\000T\000H\000R\000E\000S\000H\000\137\000M\000S\000B\000\137\0000}{subsection.6.11.2}% 91
\BOOKMARK [3][-]{subsubsection.6.11.2.6}{\376\377\0006\000.\0001\0001\000.\0002\000.\0006\000\040\000A\000D\000S\0001\0001\0001\0005\000\137\000R\000E\000G\000\137\000T\000H\000R\000E\000S\000H\000\137\000M\000S\000B\000\137\0001}{subsection.6.11.2}% 92
\BOOKMARK [0][-]{chapter.7}{\376\377\0007\000\040\000N\000a\000m\000e\000s\000p\000a\000c\000e\000\040\000D\000o\000c\000u\000m\000e\000n\000t\000a\000t\000i\000o\000n}{}% 93
\BOOKMARK [1][-]{section.7.1}{\376\377\0007\000.\0001\000\040\000U\000i\000\040\000N\000a\000m\000e\000s\000p\000a\000c\000e\000\040\000R\000e\000f\000e\000r\000e\000n\000c\000e}{chapter.7}% 94
\BOOKMARK [0][-]{chapter.8}{\376\377\0008\000\040\000C\000l\000a\000s\000s\000\040\000D\000o\000c\000u\000m\000e\000n\000t\000a\000t\000i\000o\000n}{}% 95
\BOOKMARK [1][-]{section.8.1}{\376\377\0008\000.\0001\000\040\000a\000d\000s\0001\0001\0001\0005\000\040\000C\000l\000a\000s\000s\000\040\000R\000e\000f\000e\000r\000e\000n\000c\000e}{chapter.8}% 96
\BOOKMARK [2][-]{subsection.8.1.1}{\376\377\0008\000.\0001\000.\0001\000\040\000D\000e\000t\000a\000i\000l\000e\000d\000\040\000D\000e\000s\000c\000r\000i\000p\000t\000i\000o\000n}{section.8.1}% 97
\BOOKMARK [2][-]{subsection.8.1.2}{\376\377\0008\000.\0001\000.\0002\000\040\000C\000o\000n\000s\000t\000r\000u\000c\000t\000o\000r\000\040\000\046\000\040\000D\000e\000s\000t\000r\000u\000c\000t\000o\000r\000\040\000D\000o\000c\000u\000m\000e\000n\000t\000a\000t\000i\000o\000n}{section.8.1}% 98
\BOOKMARK [3][-]{subsubsection.8.1.2.1}{\376\377\0008\000.\0001\000.\0002\000.\0001\000\040\000a\000d\000s\0001\0001\0001\0005\000\050\000\051}{subsection.8.1.2}% 99
\BOOKMARK [2][-]{subsection.8.1.3}{\376\377\0008\000.\0001\000.\0003\000\040\000M\000e\000m\000b\000e\000r\000\040\000F\000u\000n\000c\000t\000i\000o\000n\000\040\000D\000o\000c\000u\000m\000e\000n\000t\000a\000t\000i\000o\000n}{section.8.1}% 100
\BOOKMARK [3][-]{subsubsection.8.1.3.1}{\376\377\0008\000.\0001\000.\0003\000.\0001\000\040\000e\000n\000d\000a\000d\000s\000\050\000\051}{subsection.8.1.3}% 101
\BOOKMARK [3][-]{subsubsection.8.1.3.2}{\376\377\0008\000.\0001\000.\0003\000.\0002\000\040\000r\000e\000a\000d\000s\000i\000g\000\050\000\051}{subsection.8.1.3}% 102
\BOOKMARK [3][-]{subsubsection.8.1.3.3}{\376\377\0008\000.\0001\000.\0003\000.\0003\000\040\000r\000e\000a\000d\000y\000r\000e\000a\000d}{subsection.8.1.3}% 103
\BOOKMARK [2][-]{subsection.8.1.4}{\376\377\0008\000.\0001\000.\0004\000\040\000M\000e\000m\000b\000e\000r\000\040\000D\000a\000t\000a\000\040\000D\000o\000c\000u\000m\000e\000n\000t\000a\000t\000i\000o\000n}{section.8.1}% 104
\BOOKMARK [3][-]{subsubsection.8.1.4.1}{\376\377\0008\000.\0001\000.\0004\000.\0001\000\040\000f\000d}{subsection.8.1.4}% 105
\BOOKMARK [3][-]{subsubsection.8.1.4.2}{\376\377\0008\000.\0001\000.\0004\000.\0002\000\040\000i\000i\000c\000a\000d\000d\000r}{subsection.8.1.4}% 106
\BOOKMARK [1][-]{section.8.2}{\376\377\0008\000.\0002\000\040\000c\000m\000d\000m\000t\000x\000\040\000C\000l\000a\000s\000s\000\040\000R\000e\000f\000e\000r\000e\000n\000c\000e}{chapter.8}% 107
\BOOKMARK [2][-]{subsection.8.2.1}{\376\377\0008\000.\0002\000.\0001\000\040\000D\000e\000t\000a\000i\000l\000e\000d\000\040\000D\000e\000s\000c\000r\000i\000p\000t\000i\000o\000n}{section.8.2}% 108
\BOOKMARK [1][-]{section.8.3}{\376\377\0008\000.\0003\000\040\000G\000P\000I\000O\000l\000i\000s\000t\000e\000n\000\040\000C\000l\000a\000s\000s\000\040\000R\000e\000f\000e\000r\000e\000n\000c\000e}{chapter.8}% 109
\BOOKMARK [2][-]{subsection.8.3.1}{\376\377\0008\000.\0003\000.\0001\000\040\000D\000e\000t\000a\000i\000l\000e\000d\000\040\000D\000e\000s\000c\000r\000i\000p\000t\000i\000o\000n}{section.8.3}% 110
\BOOKMARK [2][-]{subsection.8.3.2}{\376\377\0008\000.\0003\000.\0002\000\040\000C\000o\000n\000s\000t\000r\000u\000c\000t\000o\000r\000\040\000\046\000\040\000D\000e\000s\000t\000r\000u\000c\000t\000o\000r\000\040\000D\000o\000c\000u\000m\000e\000n\000t\000a\000t\000i\000o\000n}{section.8.3}% 111
\BOOKMARK [3][-]{subsubsection.8.3.2.1}{\376\377\0008\000.\0003\000.\0002\000.\0001\000\040\000G\000P\000I\000O\000l\000i\000s\000t\000e\000n\000\050\000\051}{subsection.8.3.2}% 112
\BOOKMARK [3][-]{subsubsection.8.3.2.2}{\376\377\0008\000.\0003\000.\0002\000.\0002\000\040\000\040\000G\000P\000I\000O\000l\000i\000s\000t\000e\000n\000\050\000\051}{subsection.8.3.2}% 113
\BOOKMARK [2][-]{subsection.8.3.3}{\376\377\0008\000.\0003\000.\0003\000\040\000M\000e\000m\000b\000e\000r\000\040\000F\000u\000n\000c\000t\000i\000o\000n\000\040\000D\000o\000c\000u\000m\000e\000n\000t\000a\000t\000i\000o\000n}{section.8.3}% 114
\BOOKMARK [3][-]{subsubsection.8.3.3.1}{\376\377\0008\000.\0003\000.\0003\000.\0001\000\040\000i\000n\000t\000e\000r\000r\000u\000p\000t\000\050\000\051}{subsection.8.3.3}% 115
\BOOKMARK [3][-]{subsubsection.8.3.3.2}{\376\377\0008\000.\0003\000.\0003\000.\0002\000\040\000q\000u\000i\000t\000\050\000\051}{subsection.8.3.3}% 116
\BOOKMARK [3][-]{subsubsection.8.3.3.3}{\376\377\0008\000.\0003\000.\0003\000.\0003\000\040\000r\000e\000a\000d\000y}{subsection.8.3.3}% 117
\BOOKMARK [3][-]{subsubsection.8.3.3.4}{\376\377\0008\000.\0003\000.\0003\000.\0004\000\040\000r\000e\000a\000d\000y\000r\000e\000a\000d}{subsection.8.3.3}% 118
\BOOKMARK [3][-]{subsubsection.8.3.3.5}{\376\377\0008\000.\0003\000.\0003\000.\0005\000\040\000r\000u\000n\000\050\000\051}{subsection.8.3.3}% 119
\BOOKMARK [2][-]{subsection.8.3.4}{\376\377\0008\000.\0003\000.\0004\000\040\000M\000e\000m\000b\000e\000r\000\040\000D\000a\000t\000a\000\040\000D\000o\000c\000u\000m\000e\000n\000t\000a\000t\000i\000o\000n}{section.8.3}% 120
\BOOKMARK [3][-]{subsubsection.8.3.4.1}{\376\377\0008\000.\0003\000.\0004\000.\0001\000\040\000a\000d\000s\0001}{subsection.8.3.4}% 121
\BOOKMARK [3][-]{subsubsection.8.3.4.2}{\376\377\0008\000.\0003\000.\0004\000.\0002\000\040\000c\000o\000u\000n\000t}{subsection.8.3.4}% 122
\BOOKMARK [3][-]{subsubsection.8.3.4.3}{\376\377\0008\000.\0003\000.\0004\000.\0003\000\040\000f\000l\000a\000g}{subsection.8.3.4}% 123
\BOOKMARK [1][-]{section.8.4}{\376\377\0008\000.\0004\000\040\000l\000o\000a\000d\000\137\000c\000o\000n\000f\000i\000g\000\040\000C\000l\000a\000s\000s\000\040\000R\000e\000f\000e\000r\000e\000n\000c\000e}{chapter.8}% 124
\BOOKMARK [2][-]{subsection.8.4.1}{\376\377\0008\000.\0004\000.\0001\000\040\000D\000e\000t\000a\000i\000l\000e\000d\000\040\000D\000e\000s\000c\000r\000i\000p\000t\000i\000o\000n}{section.8.4}% 125
\BOOKMARK [1][-]{section.8.5}{\376\377\0008\000.\0005\000\040\000M\000a\000i\000n\000W\000i\000n\000d\000o\000w\000\040\000C\000l\000a\000s\000s\000\040\000R\000e\000f\000e\000r\000e\000n\000c\000e}{chapter.8}% 126
\BOOKMARK [2][-]{subsection.8.5.1}{\376\377\0008\000.\0005\000.\0001\000\040\000D\000e\000t\000a\000i\000l\000e\000d\000\040\000D\000e\000s\000c\000r\000i\000p\000t\000i\000o\000n}{section.8.5}% 127
\BOOKMARK [2][-]{subsection.8.5.2}{\376\377\0008\000.\0005\000.\0002\000\040\000C\000o\000n\000s\000t\000r\000u\000c\000t\000o\000r\000\040\000\046\000\040\000D\000e\000s\000t\000r\000u\000c\000t\000o\000r\000\040\000D\000o\000c\000u\000m\000e\000n\000t\000a\000t\000i\000o\000n}{section.8.5}% 128
\BOOKMARK [3][-]{subsubsection.8.5.2.1}{\376\377\0008\000.\0005\000.\0002\000.\0001\000\040\000M\000a\000i\000n\000W\000i\000n\000d\000o\000w\000\050\000\051}{subsection.8.5.2}% 129
\BOOKMARK [3][-]{subsubsection.8.5.2.2}{\376\377\0008\000.\0005\000.\0002\000.\0002\000\040\000\040\000M\000a\000i\000n\000W\000i\000n\000d\000o\000w\000\050\000\051}{subsection.8.5.2}% 130
\BOOKMARK [2][-]{subsection.8.5.3}{\376\377\0008\000.\0005\000.\0003\000\040\000M\000e\000m\000b\000e\000r\000\040\000F\000u\000n\000c\000t\000i\000o\000n\000\040\000D\000o\000c\000u\000m\000e\000n\000t\000a\000t\000i\000o\000n}{section.8.5}% 131
\BOOKMARK [3][-]{subsubsection.8.5.3.1}{\376\377\0008\000.\0005\000.\0003\000.\0001\000\040\000C\000p\000u\000P\0001\000M\000o\000t\000i\000o\000n\000\050\000\051}{subsection.8.5.3}% 132
\BOOKMARK [3][-]{subsubsection.8.5.3.2}{\376\377\0008\000.\0005\000.\0003\000.\0002\000\040\000g\000o\000a\000l}{subsection.8.5.3}% 133
\BOOKMARK [3][-]{subsubsection.8.5.3.3}{\376\377\0008\000.\0005\000.\0003\000.\0003\000\040\000P\000o\000s\000i\000t\000i\000o\000n}{subsection.8.5.3}% 134
\BOOKMARK [3][-]{subsubsection.8.5.3.4}{\376\377\0008\000.\0005\000.\0003\000.\0004\000\040\000r\000e\000c\000e\000i\000v\000e}{subsection.8.5.3}% 135
\BOOKMARK [3][-]{subsubsection.8.5.3.5}{\376\377\0008\000.\0005\000.\0003\000.\0005\000\040\000r\000e\000f\000r\000e\000s\000h\000S\000c\000o\000r\000e}{subsection.8.5.3}% 136
\BOOKMARK [3][-]{subsubsection.8.5.3.6}{\376\377\0008\000.\0005\000.\0003\000.\0006\000\040\000r\000f\000s\000h}{subsection.8.5.3}% 137
\BOOKMARK [2][-]{subsection.8.5.4}{\376\377\0008\000.\0005\000.\0004\000\040\000M\000e\000m\000b\000e\000r\000\040\000D\000a\000t\000a\000\040\000D\000o\000c\000u\000m\000e\000n\000t\000a\000t\000i\000o\000n}{section.8.5}% 138
\BOOKMARK [3][-]{subsubsection.8.5.4.1}{\376\377\0008\000.\0005\000.\0004\000.\0001\000\040\000i\000B\000a\000l\000l}{subsection.8.5.4}% 139
\BOOKMARK [3][-]{subsubsection.8.5.4.2}{\376\377\0008\000.\0005\000.\0004\000.\0002\000\040\000i\000B\000a\000l\000l\000M\000o\000t\000i\000o\000n}{subsection.8.5.4}% 140
\BOOKMARK [3][-]{subsubsection.8.5.4.3}{\376\377\0008\000.\0005\000.\0004\000.\0003\000\040\000i\000P\0001}{subsection.8.5.4}% 141
\BOOKMARK [3][-]{subsubsection.8.5.4.4}{\376\377\0008\000.\0005\000.\0004\000.\0004\000\040\000i\000P\0001\000M\000o\000t\000i\000o\000n}{subsection.8.5.4}% 142
\BOOKMARK [3][-]{subsubsection.8.5.4.5}{\376\377\0008\000.\0005\000.\0004\000.\0005\000\040\000i\000P\0002}{subsection.8.5.4}% 143
\BOOKMARK [3][-]{subsubsection.8.5.4.6}{\376\377\0008\000.\0005\000.\0004\000.\0006\000\040\000i\000P\0002\000M\000o\000t\000i\000o\000n}{subsection.8.5.4}% 144
\BOOKMARK [3][-]{subsubsection.8.5.4.7}{\376\377\0008\000.\0005\000.\0004\000.\0007\000\040\000i\000S\000c\000e\000n\000e}{subsection.8.5.4}% 145
\BOOKMARK [3][-]{subsubsection.8.5.4.8}{\376\377\0008\000.\0005\000.\0004\000.\0008\000\040\000i\000S\000c\000o\000r\000e}{subsection.8.5.4}% 146
\BOOKMARK [3][-]{subsubsection.8.5.4.9}{\376\377\0008\000.\0005\000.\0004\000.\0009\000\040\000i\000T\000i\000m\000e\000r}{subsection.8.5.4}% 147
\BOOKMARK [3][-]{subsubsection.8.5.4.10}{\376\377\0008\000.\0005\000.\0004\000.\0001\0000\000\040\000P\0001\000X\000p\000r\000i\000m\000e}{subsection.8.5.4}% 148
\BOOKMARK [3][-]{subsubsection.8.5.4.11}{\376\377\0008\000.\0005\000.\0004\000.\0001\0001\000\040\000P\0002\000X\000p\000r\000i\000m\000e}{subsection.8.5.4}% 149
\BOOKMARK [3][-]{subsubsection.8.5.4.12}{\376\377\0008\000.\0005\000.\0004\000.\0001\0002\000\040\000r\000f\000s\000h\000c\000o\000u\000n\000t}{subsection.8.5.4}% 150
\BOOKMARK [3][-]{subsubsection.8.5.4.13}{\376\377\0008\000.\0005\000.\0004\000.\0001\0003\000\040\000r\000s\000v\000e\000r\000S\000o\000c\000k\000e\000t}{subsection.8.5.4}% 151
\BOOKMARK [3][-]{subsubsection.8.5.4.14}{\376\377\0008\000.\0005\000.\0004\000.\0001\0004\000\040\000t\000i\000m\000e\000r\000\137\000m\000e\000a\000s\000u\000r\000e}{subsection.8.5.4}% 152
\BOOKMARK [3][-]{subsubsection.8.5.4.15}{\376\377\0008\000.\0005\000.\0004\000.\0001\0005\000\040\000t\000o\000t\000a\000l\000H\000e\000i\000g\000h\000t}{subsection.8.5.4}% 153
\BOOKMARK [3][-]{subsubsection.8.5.4.16}{\376\377\0008\000.\0005\000.\0004\000.\0001\0006\000\040\000t\000o\000t\000a\000l\000W\000i\000d\000t\000h}{subsection.8.5.4}% 154
\BOOKMARK [3][-]{subsubsection.8.5.4.17}{\376\377\0008\000.\0005\000.\0004\000.\0001\0007\000\040\000u\000i}{subsection.8.5.4}% 155
\BOOKMARK [3][-]{subsubsection.8.5.4.18}{\376\377\0008\000.\0005\000.\0004\000.\0001\0008\000\040\000w\000d\000h\000e\000i\000g\000h\000t}{subsection.8.5.4}% 156
\BOOKMARK [3][-]{subsubsection.8.5.4.19}{\376\377\0008\000.\0005\000.\0004\000.\0001\0009\000\040\000w\000d\000w\000i\000d\000t\000h}{subsection.8.5.4}% 157
\BOOKMARK [3][-]{subsubsection.8.5.4.20}{\376\377\0008\000.\0005\000.\0004\000.\0002\0000\000\040\000X\000p\000r\000i\000m\000e}{subsection.8.5.4}% 158
\BOOKMARK [3][-]{subsubsection.8.5.4.21}{\376\377\0008\000.\0005\000.\0004\000.\0002\0001\000\040\000Y\000p\000r\000i\000m\000e}{subsection.8.5.4}% 159
\BOOKMARK [1][-]{section.8.6}{\376\377\0008\000.\0006\000\040\000M\000a\000i\000n\000w\000i\000n\000d\000o\000w\000\040\000C\000l\000a\000s\000s\000\040\000R\000e\000f\000e\000r\000e\000n\000c\000e}{chapter.8}% 160
\BOOKMARK [2][-]{subsection.8.6.1}{\376\377\0008\000.\0006\000.\0001\000\040\000D\000e\000t\000a\000i\000l\000e\000d\000\040\000D\000e\000s\000c\000r\000i\000p\000t\000i\000o\000n}{section.8.6}% 161
\BOOKMARK [1][-]{section.8.7}{\376\377\0008\000.\0007\000\040\000p\000l\000o\000t\0001\000\040\000C\000l\000a\000s\000s\000\040\000R\000e\000f\000e\000r\000e\000n\000c\000e}{chapter.8}% 162
\BOOKMARK [2][-]{subsection.8.7.1}{\376\377\0008\000.\0007\000.\0001\000\040\000D\000e\000t\000a\000i\000l\000e\000d\000\040\000D\000e\000s\000c\000r\000i\000p\000t\000i\000o\000n}{section.8.7}% 163
\BOOKMARK [1][-]{section.8.8}{\376\377\0008\000.\0008\000\040\000Q\000G\000r\000a\000p\000h\000i\000c\000s\000I\000t\000e\000m\000\040\000C\000l\000a\000s\000s\000\040\000R\000e\000f\000e\000r\000e\000n\000c\000e}{chapter.8}% 164
\BOOKMARK [2][-]{subsection.8.8.1}{\376\377\0008\000.\0008\000.\0001\000\040\000D\000e\000t\000a\000i\000l\000e\000d\000\040\000D\000e\000s\000c\000r\000i\000p\000t\000i\000o\000n}{section.8.8}% 165
\BOOKMARK [1][-]{section.8.9}{\376\377\0008\000.\0009\000\040\000Q\000T\000i\000m\000e\000r\000\040\000C\000l\000a\000s\000s\000\040\000R\000e\000f\000e\000r\000e\000n\000c\000e}{chapter.8}% 166
\BOOKMARK [2][-]{subsection.8.9.1}{\376\377\0008\000.\0009\000.\0001\000\040\000D\000e\000t\000a\000i\000l\000e\000d\000\040\000D\000e\000s\000c\000r\000i\000p\000t\000i\000o\000n}{section.8.9}% 167
\BOOKMARK [1][-]{section.8.10}{\376\377\0008\000.\0001\0000\000\040\000r\000e\000c\000e\000i\000v\000e\000\040\000C\000l\000a\000s\000s\000\040\000R\000e\000f\000e\000r\000e\000n\000c\000e}{chapter.8}% 168
\BOOKMARK [2][-]{subsection.8.10.1}{\376\377\0008\000.\0001\0000\000.\0001\000\040\000D\000e\000t\000a\000i\000l\000e\000d\000\040\000D\000e\000s\000c\000r\000i\000p\000t\000i\000o\000n}{section.8.10}% 169
\BOOKMARK [1][-]{section.8.11}{\376\377\0008\000.\0001\0001\000\040\000W\000i\000n\000d\000o\000w\000\040\000C\000l\000a\000s\000s\000\040\000R\000e\000f\000e\000r\000e\000n\000c\000e}{chapter.8}% 170
\BOOKMARK [2][-]{subsection.8.11.1}{\376\377\0008\000.\0001\0001\000.\0001\000\040\000D\000e\000t\000a\000i\000l\000e\000d\000\040\000D\000e\000s\000c\000r\000i\000p\000t\000i\000o\000n}{section.8.11}% 171
\BOOKMARK [2][-]{subsection.8.11.2}{\376\377\0008\000.\0001\0001\000.\0002\000\040\000C\000o\000n\000s\000t\000r\000u\000c\000t\000o\000r\000\040\000\046\000\040\000D\000e\000s\000t\000r\000u\000c\000t\000o\000r\000\040\000D\000o\000c\000u\000m\000e\000n\000t\000a\000t\000i\000o\000n}{section.8.11}% 172
\BOOKMARK [3][-]{subsubsection.8.11.2.1}{\376\377\0008\000.\0001\0001\000.\0002\000.\0001\000\040\000W\000i\000n\000d\000o\000w\000\050\000\051}{subsection.8.11.2}% 173
\BOOKMARK [3][-]{subsubsection.8.11.2.2}{\376\377\0008\000.\0001\0001\000.\0002\000.\0002\000\040\000\040\000W\000i\000n\000d\000o\000w\000\050\000\051}{subsection.8.11.2}% 174
\BOOKMARK [2][-]{subsection.8.11.3}{\376\377\0008\000.\0001\0001\000.\0003\000\040\000M\000e\000m\000b\000e\000r\000\040\000F\000u\000n\000c\000t\000i\000o\000n\000\040\000D\000o\000c\000u\000m\000e\000n\000t\000a\000t\000i\000o\000n}{section.8.11}% 175
\BOOKMARK [3][-]{subsubsection.8.11.3.1}{\376\377\0008\000.\0001\0001\000.\0003\000.\0001\000\040\000d\000a\000t\000a\000p\000r\000o\000s}{subsection.8.11.3}% 176
\BOOKMARK [3][-]{subsubsection.8.11.3.2}{\376\377\0008\000.\0001\0001\000.\0003\000.\0002\000\040\000p\000l\000o\000t\000r\000e\000f\000r\000e\000s\000h}{subsection.8.11.3}% 177
\BOOKMARK [2][-]{subsection.8.11.4}{\376\377\0008\000.\0001\0001\000.\0004\000\040\000M\000e\000m\000b\000e\000r\000\040\000D\000a\000t\000a\000\040\000D\000o\000c\000u\000m\000e\000n\000t\000a\000t\000i\000o\000n}{section.8.11}% 178
\BOOKMARK [3][-]{subsubsection.8.11.4.1}{\376\377\0008\000.\0001\0001\000.\0004\000.\0001\000\040\000c\000u\000r\000v\000e\0001}{subsection.8.11.4}% 179
\BOOKMARK [3][-]{subsubsection.8.11.4.2}{\376\377\0008\000.\0001\0001\000.\0004\000.\0002\000\040\000c\000u\000r\000v\000e\0002}{subsection.8.11.4}% 180
\BOOKMARK [3][-]{subsubsection.8.11.4.3}{\376\377\0008\000.\0001\0001\000.\0004\000.\0003\000\040\000g\000p\000i\000o\000l\000i\000s\0001}{subsection.8.11.4}% 181
\BOOKMARK [3][-]{subsubsection.8.11.4.4}{\376\377\0008\000.\0001\0001\000.\0004\000.\0004\000\040\000h\000L\000a\000y\000o\000u\000t}{subsection.8.11.4}% 182
\BOOKMARK [3][-]{subsubsection.8.11.4.5}{\376\377\0008\000.\0001\0001\000.\0004\000.\0005\000\040\000p\000l\000o\000t\0001}{subsection.8.11.4}% 183
\BOOKMARK [3][-]{subsubsection.8.11.4.6}{\376\377\0008\000.\0001\0001\000.\0004\000.\0006\000\040\000p\000l\000o\000t\0002}{subsection.8.11.4}% 184
\BOOKMARK [3][-]{subsubsection.8.11.4.7}{\376\377\0008\000.\0001\0001\000.\0004\000.\0007\000\040\000p\000l\000o\000t\000D\000a\000t\000a\000S\000i\000z\000e}{subsection.8.11.4}% 185
\BOOKMARK [3][-]{subsubsection.8.11.4.8}{\376\377\0008\000.\0001\0001\000.\0004\000.\0008\000\040\000r\000f\000t\000i\000m\000e\000r}{subsection.8.11.4}% 186
\BOOKMARK [3][-]{subsubsection.8.11.4.9}{\376\377\0008\000.\0001\0001\000.\0004\000.\0009\000\040\000s\000d\000e\000r\000s\000c}{subsection.8.11.4}% 187
\BOOKMARK [3][-]{subsubsection.8.11.4.10}{\376\377\0008\000.\0001\0001\000.\0004\000.\0001\0000\000\040\000s\000u\000m\000p\000o\000w\000e\000r}{subsection.8.11.4}% 188
\BOOKMARK [3][-]{subsubsection.8.11.4.11}{\376\377\0008\000.\0001\0001\000.\0004\000.\0001\0001\000\040\000x\000D\000a\000t\000a\0001}{subsection.8.11.4}% 189
\BOOKMARK [3][-]{subsubsection.8.11.4.12}{\376\377\0008\000.\0001\0001\000.\0004\000.\0001\0002\000\040\000x\000D\000a\000t\000a\0002}{subsection.8.11.4}% 190
\BOOKMARK [3][-]{subsubsection.8.11.4.13}{\376\377\0008\000.\0001\0001\000.\0004\000.\0001\0003\000\040\000x\000D\000a\000t\000a\0003}{subsection.8.11.4}% 191
\BOOKMARK [3][-]{subsubsection.8.11.4.14}{\376\377\0008\000.\0001\0001\000.\0004\000.\0001\0004\000\040\000y\000D\000a\000t\000a\0001}{subsection.8.11.4}% 192
\BOOKMARK [3][-]{subsubsection.8.11.4.15}{\376\377\0008\000.\0001\0001\000.\0004\000.\0001\0005\000\040\000y\000D\000a\000t\000a\0002}{subsection.8.11.4}% 193
\BOOKMARK [3][-]{subsubsection.8.11.4.16}{\376\377\0008\000.\0001\0001\000.\0004\000.\0001\0006\000\040\000y\000D\000a\000t\000a\0003}{subsection.8.11.4}% 194
\BOOKMARK [0][-]{chapter.9}{\376\377\0009\000\040\000F\000i\000l\000e\000\040\000D\000o\000c\000u\000m\000e\000n\000t\000a\000t\000i\000o\000n}{}% 195
\BOOKMARK [1][-]{section.9.1}{\376\377\0009\000.\0001\000\040\000/\000h\000o\000m\000e\000/\000f\000i\000n\000l\000a\000y\000/\000R\000T\000E\000P\0001\000/\000R\000p\000i\000\137\000e\000n\000d\000/\0002\0000\0000\0003\0002\0002\000\137\000R\000p\000i\000\137\000e\000n\000d\000\137\000t\000o\000g\000e\000t\000h\000e\000r\000/\000a\000d\000s\0001\0001\0001\0005\000.\000c\000p\000p\000\040\000F\000i\000l\000e\000\040\000R\000e\000f\000e\000r\000e\000n\000c\000e}{chapter.9}% 196
\BOOKMARK [2][-]{subsection.9.1.1}{\376\377\0009\000.\0001\000.\0001\000\040\000D\000e\000t\000a\000i\000l\000e\000d\000\040\000D\000e\000s\000c\000r\000i\000p\000t\000i\000o\000n}{section.9.1}% 197
\BOOKMARK [2][-]{subsection.9.1.2}{\376\377\0009\000.\0001\000.\0002\000\040\000F\000u\000n\000c\000t\000i\000o\000n\000\040\000D\000o\000c\000u\000m\000e\000n\000t\000a\000t\000i\000o\000n}{section.9.1}% 198
\BOOKMARK [3][-]{subsubsection.9.1.2.1}{\376\377\0009\000.\0001\000.\0002\000.\0001\000\040\000l\000o\000a\000d\000\137\000c\000o\000n\000f\000i\000g\000\050\000\051}{subsection.9.1.2}% 199
\BOOKMARK [2][-]{subsection.9.1.3}{\376\377\0009\000.\0001\000.\0003\000\040\000V\000a\000r\000i\000a\000b\000l\000e\000\040\000D\000o\000c\000u\000m\000e\000n\000t\000a\000t\000i\000o\000n}{section.9.1}% 200
\BOOKMARK [3][-]{subsubsection.9.1.3.1}{\376\377\0009\000.\0001\000.\0003\000.\0001\000\040\000c\000o\000n\000f\000i\000g}{subsection.9.1.3}% 201
\BOOKMARK [3][-]{subsubsection.9.1.3.2}{\376\377\0009\000.\0001\000.\0003\000.\0002\000\040\000h\000i\000g\000h}{subsection.9.1.3}% 202
\BOOKMARK [3][-]{subsubsection.9.1.3.3}{\376\377\0009\000.\0001\000.\0003\000.\0003\000\040\000h\000i\000g\000h\000\137\000c\000o\000n\000f\000i\000g}{subsection.9.1.3}% 203
\BOOKMARK [3][-]{subsubsection.9.1.3.4}{\376\377\0009\000.\0001\000.\0003\000.\0004\000\040\000l\000o\000w}{subsection.9.1.3}% 204
\BOOKMARK [3][-]{subsubsection.9.1.3.5}{\376\377\0009\000.\0001\000.\0003\000.\0005\000\040\000l\000o\000w\000\137\000c\000o\000n\000f\000i\000g}{subsection.9.1.3}% 205
\BOOKMARK [3][-]{subsubsection.9.1.3.6}{\376\377\0009\000.\0001\000.\0003\000.\0006\000\040\000r\000c\000r}{subsection.9.1.3}% 206
\BOOKMARK [3][-]{subsubsection.9.1.3.7}{\376\377\0009\000.\0001\000.\0003\000.\0007\000\040\000v\000a\000l\000u\000e}{subsection.9.1.3}% 207
\BOOKMARK [3][-]{subsubsection.9.1.3.8}{\376\377\0009\000.\0001\000.\0003\000.\0008\000\040\000v\000o\000l\000t\000a\000g\000e}{subsection.9.1.3}% 208
\BOOKMARK [1][-]{section.9.2}{\376\377\0009\000.\0002\000\040\000/\000h\000o\000m\000e\000/\000f\000i\000n\000l\000a\000y\000/\000R\000T\000E\000P\0001\000/\000R\000p\000i\000\137\000e\000n\000d\000/\0002\0000\0000\0003\0002\0002\000\137\000R\000p\000i\000\137\000e\000n\000d\000\137\000t\000o\000g\000e\000t\000h\000e\000r\000/\000a\000d\000s\0001\0001\0001\0005\000.\000h\000\040\000F\000i\000l\000e\000\040\000R\000e\000f\000e\000r\000e\000n\000c\000e}{chapter.9}% 209
\BOOKMARK [2][-]{subsection.9.2.1}{\376\377\0009\000.\0002\000.\0001\000\040\000D\000e\000t\000a\000i\000l\000e\000d\000\040\000D\000e\000s\000c\000r\000i\000p\000t\000i\000o\000n}{section.9.2}% 210
\BOOKMARK [1][-]{section.9.3}{\376\377\0009\000.\0003\000\040\000/\000h\000o\000m\000e\000/\000f\000i\000n\000l\000a\000y\000/\000R\000T\000E\000P\0001\000/\000R\000p\000i\000\137\000e\000n\000d\000/\0002\0000\0000\0003\0002\0002\000\137\000R\000p\000i\000\137\000e\000n\000d\000\137\000t\000o\000g\000e\000t\000h\000e\000r\000/\000G\000P\000I\000O\000l\000i\000s\000.\000c\000p\000p\000\040\000F\000i\000l\000e\000\040\000R\000e\000f\000e\000r\000e\000n\000c\000e}{chapter.9}% 211
\BOOKMARK [2][-]{subsection.9.3.1}{\376\377\0009\000.\0003\000.\0001\000\040\000T\000y\000p\000e\000d\000e\000f\000\040\000D\000o\000c\000u\000m\000e\000n\000t\000a\000t\000i\000o\000n}{section.9.3}% 212
\BOOKMARK [3][-]{subsubsection.9.3.1.1}{\376\377\0009\000.\0003\000.\0001\000.\0001\000\040\000g\000p\000i\000p\000i\000n\000t\000e\000r\000r\000u\000p\000t}{subsection.9.3.1}% 213
\BOOKMARK [2][-]{subsection.9.3.2}{\376\377\0009\000.\0003\000.\0002\000\040\000F\000u\000n\000c\000t\000i\000o\000n\000\040\000D\000o\000c\000u\000m\000e\000n\000t\000a\000t\000i\000o\000n}{section.9.3}% 214
\BOOKMARK [3][-]{subsubsection.9.3.2.1}{\376\377\0009\000.\0003\000.\0002\000.\0001\000\040\000i\000n\000t\000e\000r\000r\000u\000p\000t\0002\000\050\000\051}{subsection.9.3.2}% 215
\BOOKMARK [2][-]{subsection.9.3.3}{\376\377\0009\000.\0003\000.\0003\000\040\000V\000a\000r\000i\000a\000b\000l\000e\000\040\000D\000o\000c\000u\000m\000e\000n\000t\000a\000t\000i\000o\000n}{section.9.3}% 216
\BOOKMARK [3][-]{subsubsection.9.3.3.1}{\376\377\0009\000.\0003\000.\0003\000.\0001\000\040\000c\000m\000d\000m\000t\000x}{subsection.9.3.3}% 217
\BOOKMARK [1][-]{section.9.4}{\376\377\0009\000.\0004\000\040\000/\000h\000o\000m\000e\000/\000f\000i\000n\000l\000a\000y\000/\000R\000T\000E\000P\0001\000/\000R\000p\000i\000\137\000e\000n\000d\000/\0002\0000\0000\0003\0002\0002\000\137\000R\000p\000i\000\137\000e\000n\000d\000\137\000t\000o\000g\000e\000t\000h\000e\000r\000/\000G\000P\000I\000O\000l\000i\000s\000.\000h\000\040\000F\000i\000l\000e\000\040\000R\000e\000f\000e\000r\000e\000n\000c\000e}{chapter.9}% 218
\BOOKMARK [2][-]{subsection.9.4.1}{\376\377\0009\000.\0004\000.\0001\000\040\000D\000e\000t\000a\000i\000l\000e\000d\000\040\000D\000e\000s\000c\000r\000i\000p\000t\000i\000o\000n}{section.9.4}% 219
\BOOKMARK [2][-]{subsection.9.4.2}{\376\377\0009\000.\0004\000.\0002\000\040\000V\000a\000r\000i\000a\000b\000l\000e\000\040\000D\000o\000c\000u\000m\000e\000n\000t\000a\000t\000i\000o\000n}{section.9.4}% 220
\BOOKMARK [3][-]{subsubsection.9.4.2.1}{\376\377\0009\000.\0004\000.\0002\000.\0001\000\040\000g\000p\000i\000p\000i\000n\000t\000e\000r\000r\000u\000p\000t}{subsection.9.4.2}% 221
\BOOKMARK [1][-]{section.9.5}{\376\377\0009\000.\0005\000\040\000/\000h\000o\000m\000e\000/\000f\000i\000n\000l\000a\000y\000/\000R\000T\000E\000P\0001\000/\000R\000p\000i\000\137\000e\000n\000d\000/\0002\0000\0000\0003\0002\0002\000\137\000R\000p\000i\000\137\000e\000n\000d\000\137\000t\000o\000g\000e\000t\000h\000e\000r\000/\000w\000i\000n\000d\000o\000w\000.\000c\000p\000p\000\040\000F\000i\000l\000e\000\040\000R\000e\000f\000e\000r\000e\000n\000c\000e}{chapter.9}% 222
\BOOKMARK [2][-]{subsection.9.5.1}{\376\377\0009\000.\0005\000.\0001\000\040\000V\000a\000r\000i\000a\000b\000l\000e\000\040\000D\000o\000c\000u\000m\000e\000n\000t\000a\000t\000i\000o\000n}{section.9.5}% 223
\BOOKMARK [3][-]{subsubsection.9.5.1.1}{\376\377\0009\000.\0005\000.\0001\000.\0001\000\040\000f\000l\000h\000p\0001}{subsection.9.5.1}% 224
\BOOKMARK [3][-]{subsubsection.9.5.1.2}{\376\377\0009\000.\0005\000.\0001\000.\0002\000\040\000f\000l\000o\000r\000i\000g\000i\000n}{subsection.9.5.1}% 225
\BOOKMARK [3][-]{subsubsection.9.5.1.3}{\376\377\0009\000.\0005\000.\0001\000.\0003\000\040\000f\000l\000p\000o\000w\000e\000r}{subsection.9.5.1}% 226
\BOOKMARK [3][-]{subsubsection.9.5.1.4}{\376\377\0009\000.\0005\000.\0001\000.\0004\000\040\000h\000p\0001}{subsection.9.5.1}% 227
\BOOKMARK [3][-]{subsubsection.9.5.1.5}{\376\377\0009\000.\0005\000.\0001\000.\0005\000\040\000i\000n\000d\000e\000x}{subsection.9.5.1}% 228
\BOOKMARK [3][-]{subsubsection.9.5.1.6}{\376\377\0009\000.\0005\000.\0001\000.\0006\000\040\000o\000r\000d\000e\000r}{subsection.9.5.1}% 229
\BOOKMARK [3][-]{subsubsection.9.5.1.7}{\376\377\0009\000.\0005\000.\0001\000.\0007\000\040\000r\000s\000c\000v\000e\000r\000p\000r\000t}{subsection.9.5.1}% 230
\BOOKMARK [3][-]{subsubsection.9.5.1.8}{\376\377\0009\000.\0005\000.\0001\000.\0008\000\040\000s\000a\000m\000p\000l\000i\000n\000g\000r\000a\000t\000e}{subsection.9.5.1}% 231
\BOOKMARK [3][-]{subsubsection.9.5.1.9}{\376\377\0009\000.\0005\000.\0001\000.\0009\000\040\000s\000d\000e\000r\000p\000r\000t}{subsection.9.5.1}% 232
\BOOKMARK [1][-]{section.9.6}{\376\377\0009\000.\0006\000\040\000/\000h\000o\000m\000e\000/\000f\000i\000n\000l\000a\000y\000/\000R\000T\000E\000P\0001\000/\000R\000p\000i\000\137\000e\000n\000d\000/\0002\0000\0000\0003\0002\0002\000\137\000R\000p\000i\000\137\000e\000n\000d\000\137\000t\000o\000g\000e\000t\000h\000e\000r\000/\000w\000i\000n\000d\000o\000w\000.\000h\000\040\000F\000i\000l\000e\000\040\000R\000e\000f\000e\000r\000e\000n\000c\000e}{chapter.9}% 233
\BOOKMARK [1][-]{section.9.7}{\376\377\0009\000.\0007\000\040\000/\000h\000o\000m\000e\000/\000f\000i\000n\000l\000a\000y\000/\000R\000T\000E\000P\0001\000/\000S\000e\000r\000v\000e\000r\000\137\000e\000n\000d\000/\0000\0003\0000\0001\000\137\000P\000o\000n\000g\000\137\000G\000U\000I\000/\000m\000a\000i\000n\000.\000c\000p\000p\000\040\000F\000i\000l\000e\000\040\000R\000e\000f\000e\000r\000e\000n\000c\000e}{chapter.9}% 234
\BOOKMARK [2][-]{subsection.9.7.1}{\376\377\0009\000.\0007\000.\0001\000\040\000F\000u\000n\000c\000t\000i\000o\000n\000\040\000D\000o\000c\000u\000m\000e\000n\000t\000a\000t\000i\000o\000n}{section.9.7}% 235
\BOOKMARK [3][-]{subsubsection.9.7.1.1}{\376\377\0009\000.\0007\000.\0001\000.\0001\000\040\000m\000a\000i\000n\000\050\000\051}{subsection.9.7.1}% 236
\BOOKMARK [1][-]{section.9.8}{\376\377\0009\000.\0008\000\040\000/\000h\000o\000m\000e\000/\000f\000i\000n\000l\000a\000y\000/\000R\000T\000E\000P\0001\000/\000R\000p\000i\000\137\000e\000n\000d\000/\0002\0000\0000\0003\0002\0002\000\137\000R\000p\000i\000\137\000e\000n\000d\000\137\000t\000o\000g\000e\000t\000h\000e\000r\000/\000m\000a\000i\000n\000.\000c\000p\000p\000\040\000F\000i\000l\000e\000\040\000R\000e\000f\000e\000r\000e\000n\000c\000e}{chapter.9}% 237
\BOOKMARK [2][-]{subsection.9.8.1}{\376\377\0009\000.\0008\000.\0001\000\040\000F\000u\000n\000c\000t\000i\000o\000n\000\040\000D\000o\000c\000u\000m\000e\000n\000t\000a\000t\000i\000o\000n}{section.9.8}% 238
\BOOKMARK [3][-]{subsubsection.9.8.1.1}{\376\377\0009\000.\0008\000.\0001\000.\0001\000\040\000m\000a\000i\000n\000\050\000\051}{subsection.9.8.1}% 239
\BOOKMARK [1][-]{section.9.9}{\376\377\0009\000.\0009\000\040\000/\000h\000o\000m\000e\000/\000f\000i\000n\000l\000a\000y\000/\000R\000T\000E\000P\0001\000/\000S\000e\000r\000v\000e\000r\000\137\000e\000n\000d\000/\0000\0003\0000\0001\000\137\000P\000o\000n\000g\000\137\000G\000U\000I\000/\000m\000a\000i\000n\000w\000i\000n\000d\000o\000w\000.\000c\000p\000p\000\040\000F\000i\000l\000e\000\040\000R\000e\000f\000e\000r\000e\000n\000c\000e}{chapter.9}% 240
\BOOKMARK [2][-]{subsection.9.9.1}{\376\377\0009\000.\0009\000.\0001\000\040\000V\000a\000r\000i\000a\000b\000l\000e\000\040\000D\000o\000c\000u\000m\000e\000n\000t\000a\000t\000i\000o\000n}{section.9.9}% 241
\BOOKMARK [3][-]{subsubsection.9.9.1.1}{\376\377\0009\000.\0009\000.\0001\000.\0001\000\040\000r\000s\000P\000o\000r\000t}{subsection.9.9.1}% 242
\BOOKMARK [1][-]{section.9.10}{\376\377\0009\000.\0001\0000\000\040\000/\000h\000o\000m\000e\000/\000f\000i\000n\000l\000a\000y\000/\000R\000T\000E\000P\0001\000/\000S\000e\000r\000v\000e\000r\000\137\000e\000n\000d\000/\0000\0003\0000\0001\000\137\000P\000o\000n\000g\000\137\000G\000U\000I\000/\000m\000a\000i\000n\000w\000i\000n\000d\000o\000w\000.\000h\000\040\000F\000i\000l\000e\000\040\000R\000e\000f\000e\000r\000e\000n\000c\000e}{chapter.9}% 243
\BOOKMARK [0][-]{section*.46}{\376\377\000I\000n\000d\000e\000x}{}% 244
